2025-06-25 22:06:13,305 - INFO - 🚀 Iniciando coleta COMPLETA de dados REAIS...
2025-06-25 22:06:13,305 - INFO - Buscando dados do Portal do Cidadão de Maceió...
2025-06-25 22:06:13,892 - INFO - Acesso ao portal do cidadão realizado com sucesso
2025-06-25 22:06:13,897 - INFO - Encontrados 1 serviços relacionados a imóveis
2025-06-25 22:06:13,899 - INFO - Buscando dados da SEFAZ Maceió...
2025-06-25 22:06:14,552 - INFO - Sistema de IPTU mapeado com sucesso
2025-06-25 22:06:14,852 - INFO - Buscando dados do IBGE...
2025-06-25 22:06:15,013 - INFO - Dados do IBGE obtidos: Maceió
2025-06-25 22:06:18,031 - INFO - Buscando dados do Portal de Transparência de Alagoas...
2025-06-25 22:06:18,539 - INFO - Encontrados 3 datasets relacionados
2025-06-25 22:06:18,539 - INFO - Buscando dados de cartórios reais...
2025-06-25 22:06:19,562 - INFO - Acesso ao CNR realizado - fonte de dados cartoriais disponível
2025-06-25 22:06:19,563 - INFO - Buscando dados de sites imobiliários reais...
2025-06-25 22:06:19,563 - INFO - Processando VivaReal...
2025-06-25 22:06:22,699 - INFO - Processando ZapImóveis...
2025-06-25 22:06:25,868 - INFO - ✅ Coleta concluída: 5 fontes ativas, 11 registros
2025-06-25 22:06:25,869 - INFO - 📄 Dados completos salvos: dados_condominios_maceio_real/dados_reais_condominios_maceio_20250625_220625.json
2025-06-25 22:06:25,879 - INFO - 📊 Dados IBGE salvos: dados_condominios_maceio_real/dados_ibge_maceio_20250625_220625.csv
2025-06-25 22:06:25,884 - INFO - 🏛️ Dados cartórios salvos: dados_condominios_maceio_real/cartorios_maceio_20250625_220625.csv
2025-06-25 22:06:25,885 - INFO - 📋 Relatório detalhado salvo: dados_condominios_maceio_real/relatorio_detalhado_real_20250625_220625.md
